This is pdfTeX, Version 3.141592653-2.6-1.40.26 (TeX Live 2024/TeX Live for SUSE Linux) (preloaded format=pdflatex 2024.9.5)  3 OCT 2024 11:12
entering extended mode
 restricted \write18 enabled.
 %&-line parsing enabled.
**/home/tjoslef/skola/zapisky/vut/IZP/treti_hodina/treti_hodina.tex
(/home/tjoslef/skola/zapisky/vut/IZP/treti_hodina/treti_hodina.tex
LaTeX2e <2023-11-01> patch level 1
L3 programming layer <2024-02-20>
(/usr/share/texmf/tex/latex/base/article.cls
Document Class: article 2023/05/17 v1.4n Standard LaTeX document class
(/usr/share/texmf/tex/latex/base/size10.clo
File: size10.clo 2023/05/17 v1.4n Standard LaTeX file (size option)
)
\c@part=\count188
\c@section=\count189
\c@subsection=\count190
\c@subsubsection=\count191
\c@paragraph=\count192
\c@subparagraph=\count193
\c@figure=\count194
\c@table=\count195
\abovecaptionskip=\skip48
\belowcaptionskip=\skip49
\bibindent=\dimen140
)
(/usr/share/texmf/tex/latex/mathtools/mathtools.sty
Package: mathtools 2024/03/11 v1.30 mathematical typesetting tools

(/usr/share/texmf/tex/latex/graphics/keyval.sty
Package: keyval 2022/05/29 v1.15 key=value parser (DPC)
\KV@toks@=\toks17
)
(/usr/share/texmf/tex/latex/tools/calc.sty
Package: calc 2023/07/08 v4.3 Infix arithmetic (KKT,FJ)
\calc@Acount=\count196
\calc@Bcount=\count197
\calc@Adimen=\dimen141
\calc@Bdimen=\dimen142
\calc@Askip=\skip50
\calc@Bskip=\skip51
LaTeX Info: Redefining \setlength on input line 80.
LaTeX Info: Redefining \addtolength on input line 81.
\calc@Ccount=\count198
\calc@Cskip=\skip52
)
(/usr/share/texmf/tex/latex/mathtools/mhsetup.sty
Package: mhsetup 2021/03/18 v1.4 programming setup (MH)
)
(/usr/share/texmf/tex/latex/amsmath/amsmath.sty
Package: amsmath 2023/05/13 v2.17o AMS math features
\@mathmargin=\skip53

For additional information on amsmath, use the `?' option.
(/usr/share/texmf/tex/latex/amsmath/amstext.sty
Package: amstext 2021/08/26 v2.01 AMS text

(/usr/share/texmf/tex/latex/amsmath/amsgen.sty
File: amsgen.sty 1999/11/30 v2.0 generic functions
\@emptytoks=\toks18
\ex@=\dimen143
))
(/usr/share/texmf/tex/latex/amsmath/amsbsy.sty
Package: amsbsy 1999/11/29 v1.2d Bold Symbols
\pmbraise@=\dimen144
)
(/usr/share/texmf/tex/latex/amsmath/amsopn.sty
Package: amsopn 2022/04/08 v2.04 operator names
)
\inf@bad=\count199
LaTeX Info: Redefining \frac on input line 234.
\uproot@=\count266
\leftroot@=\count267
LaTeX Info: Redefining \overline on input line 399.
LaTeX Info: Redefining \colon on input line 410.
\classnum@=\count268
\DOTSCASE@=\count269
LaTeX Info: Redefining \ldots on input line 496.
LaTeX Info: Redefining \dots on input line 499.
LaTeX Info: Redefining \cdots on input line 620.
\Mathstrutbox@=\box51
\strutbox@=\box52
LaTeX Info: Redefining \big on input line 722.
LaTeX Info: Redefining \Big on input line 723.
LaTeX Info: Redefining \bigg on input line 724.
LaTeX Info: Redefining \Bigg on input line 725.
\big@size=\dimen145
LaTeX Font Info:    Redeclaring font encoding OML on input line 743.
LaTeX Font Info:    Redeclaring font encoding OMS on input line 744.
\macc@depth=\count270
LaTeX Info: Redefining \bmod on input line 905.
LaTeX Info: Redefining \pmod on input line 910.
LaTeX Info: Redefining \smash on input line 940.
LaTeX Info: Redefining \relbar on input line 970.
LaTeX Info: Redefining \Relbar on input line 971.
\c@MaxMatrixCols=\count271
\dotsspace@=\muskip16
\c@parentequation=\count272
\dspbrk@lvl=\count273
\tag@help=\toks19
\row@=\count274
\column@=\count275
\maxfields@=\count276
\andhelp@=\toks20
\eqnshift@=\dimen146
\alignsep@=\dimen147
\tagshift@=\dimen148
\tagwidth@=\dimen149
\totwidth@=\dimen150
\lineht@=\dimen151
\@envbody=\toks21
\multlinegap=\skip54
\multlinetaggap=\skip55
\mathdisplay@stack=\toks22
LaTeX Info: Redefining \[ on input line 2953.
LaTeX Info: Redefining \] on input line 2954.
)
\g_MT_multlinerow_int=\count277
\l_MT_multwidth_dim=\dimen152
\origjot=\skip56
\l_MT_shortvdotswithinadjustabove_dim=\dimen153
\l_MT_shortvdotswithinadjustbelow_dim=\dimen154
\l_MT_above_intertext_sep=\dimen155
\l_MT_below_intertext_sep=\dimen156
\l_MT_above_shortintertext_sep=\dimen157
\l_MT_below_shortintertext_sep=\dimen158
\xmathstrut@box=\box53
\xmathstrut@dim=\dimen159
)
(/usr/share/texmf/tex/latex/amsfonts/amssymb.sty
Package: amssymb 2013/01/14 v3.01 AMS font symbols

(/usr/share/texmf/tex/latex/amsfonts/amsfonts.sty
Package: amsfonts 2013/01/14 v3.01 Basic AMSFonts support
\symAMSa=\mathgroup4
\symAMSb=\mathgroup5
LaTeX Font Info:    Redeclaring math symbol \hbar on input line 98.
LaTeX Font Info:    Overwriting math alphabet `\mathfrak' in version `bold'
(Font)                  U/euf/m/n --> U/euf/b/n on input line 106.
))
(/usr/share/texmf/tex/latex/amscls/amsthm.sty
Package: amsthm 2020/05/29 v2.20.6
\thm@style=\toks23
\thm@bodyfont=\toks24
\thm@headfont=\toks25
\thm@notefont=\toks26
\thm@headpunct=\toks27
\thm@preskip=\skip57
\thm@postskip=\skip58
\thm@headsep=\skip59
\dth@everypar=\toks28
)
(/usr/share/texmf/tex/latex/l3backend/l3backend-pdftex.def
File: l3backend-pdftex.def 2024-02-20 L3 backend support: PDF output (pdfTeX)
\l__color_backend_stack_int=\count278
\l__pdf_internal_box=\box54
) (./treti_hodina.aux)
\openout1 = `treti_hodina.aux'.

LaTeX Font Info:    Checking defaults for OML/cmm/m/it on input line 3.
LaTeX Font Info:    ... okay on input line 3.
LaTeX Font Info:    Checking defaults for OMS/cmsy/m/n on input line 3.
LaTeX Font Info:    ... okay on input line 3.
LaTeX Font Info:    Checking defaults for OT1/cmr/m/n on input line 3.
LaTeX Font Info:    ... okay on input line 3.
LaTeX Font Info:    Checking defaults for T1/cmr/m/n on input line 3.
LaTeX Font Info:    ... okay on input line 3.
LaTeX Font Info:    Checking defaults for TS1/cmr/m/n on input line 3.
LaTeX Font Info:    ... okay on input line 3.
LaTeX Font Info:    Checking defaults for OMX/cmex/m/n on input line 3.
LaTeX Font Info:    ... okay on input line 3.
LaTeX Font Info:    Checking defaults for U/cmr/m/n on input line 3.
LaTeX Font Info:    ... okay on input line 3.
 (/usr/share/texmf/tex/latex/graphics/graphicx.sty
Package: graphicx 2021/09/16 v1.2d Enhanced LaTeX Graphics (DPC,SPQR)

(/usr/share/texmf/tex/latex/graphics/graphics.sty
Package: graphics 2022/03/10 v1.4e Standard LaTeX Graphics (DPC,SPQR)

(/usr/share/texmf/tex/latex/graphics/trig.sty
Package: trig 2021/08/11 v1.11 sin cos tan (DPC)
)
(/usr/share/texmf/tex/latex/graphics-cfg/graphics.cfg
File: graphics.cfg 2016/06/04 v1.11 sample graphics configuration
)
Package graphics Info: Driver file: pdftex.def on input line 107.

(/usr/share/texmf/tex/latex/graphics-def/pdftex.def
File: pdftex.def 2022/09/22 v1.2b Graphics/color driver for pdftex

(/usr/share/texmf/tex/context/base/mkii/supp-pdf.mkii
[Loading MPS to PDF converter (version 2006.09.02).]
\scratchcounter=\count279
\scratchdimen=\dimen160
\scratchbox=\box55
\nofMPsegments=\count280
\nofMParguments=\count281
\everyMPshowfont=\toks29
\MPscratchCnt=\count282
\MPscratchDim=\dimen161
\MPnumerator=\count283
\makeMPintoPDFobject=\count284
\everyMPtoPDFconversion=\toks30
))) (/usr/share/texmf/tex/latex/epstopdf-pkg/epstopdf-base.sty
Package: epstopdf-base 2020-01-24 v2.11 Base part for package epstopdf
Package epstopdf-base Info: Redefining graphics rule for `.eps' on input line 4
85.

(/usr/share/texmf/tex/latex/latexconfig/epstopdf-sys.cfg
File: epstopdf-sys.cfg 2010/07/13 v1.3 Configuration of (r)epstopdf for TeX Liv
e
))
\Gin@req@height=\dimen162
\Gin@req@width=\dimen163
)
! Misplaced alignment tab character &.
l.23         int *ptr = &
                         example -> do ukazatele ptr nam uloz adresu hodnoty...
I can't figure out why you would want to use a tab mark
here. If you just want an ampersand, the remedy is
simple: Just type `I\&' now. But if some right brace
up above has ended a previous alignment prematurely,
you're probably due for more error messages, and you
might try typing `S' now just to see what is salvageable.

! Missing $ inserted.
<inserted text> 
                $
l.27         bazovy_
                    typ *jmeno promene
I've inserted a begin-math/end-math symbol since I think
you left one out. Proceed, with fingers crossed.

LaTeX Font Info:    Trying to load font information for U+msa on input line 27.

(/usr/share/texmf/tex/latex/amsfonts/umsa.fd
File: umsa.fd 2013/01/14 v3.01 AMS symbols A
)
LaTeX Font Info:    Trying to load font information for U+msb on input line 27.


(/usr/share/texmf/tex/latex/amsfonts/umsb.fd
File: umsb.fd 2013/01/14 v3.01 AMS symbols B
)
! Misplaced alignment tab character &.
l.29                    &
                          refencni vraci adresu promene int *ptr = &example
I can't figure out why you would want to use a tab mark
here. If you just want an ampersand, the remedy is
simple: Just type `I\&' now. But if some right brace
up above has ended a previous alignment prematurely,
you're probably due for more error messages, and you
might try typing `S' now just to see what is salvageable.

! Misplaced alignment tab character &.
l.29 ...refencni vraci adresu promene int *ptr = &
                                                  example
I can't figure out why you would want to use a tab mark
here. If you just want an ampersand, the remedy is
simple: Just type `I\&' now. But if some right brace
up above has ended a previous alignment prematurely,
you're probably due for more error messages, and you
might try typing `S' now just to see what is salvageable.

! Misplaced alignment tab character &.
l.40         int *const CP = &
                              i
I can't figure out why you would want to use a tab mark
here. If you just want an ampersand, the remedy is
simple: Just type `I\&' now. But if some right brace
up above has ended a previous alignment prematurely,
you're probably due for more error messages, and you
might try typing `S' now just to see what is salvageable.

! Missing $ inserted.
<inserted text> 
                $
l.44 
     
I've inserted a begin-math/end-math symbol since I think
you left one out. Proceed, with fingers crossed.


Underfull \hbox (badness 5189) in paragraph at lines 20--44
\OML/cmm/m/it/10 urcujevelikostodkazovanepametirefencnivraciadresupromeneint \O
MS/cmsy/m/n/10 ^^C \OML/cmm/m/it/10 ptr \OT1/cmr/m/n/10 =
 []


Underfull \hbox (badness 2302) in paragraph at lines 20--44
\OML/cmm/m/it/10 example \OMS/cmsy/m/n/10 ^^C \OML/cmm/m/it/10 derefencivratiho
dnotunapameti\OMS/cmsy/m/n/10 ^^@ \OML/cmm/m/it/10 > inty \OT1/cmr/m/n/10 = \OM
S/cmsy/m/n/10 ^^C\OML/cmm/m/it/10 px \OMS/cmsy/m/n/10 ^^C \OML/cmm/m/it/10 ptr 
\OT1/cmr/m/n/10 =
 []


Overfull \hbox (356.31058pt too wide) in paragraph at lines 20--44
\OT1/cmr/m/n/10 123\OML/cmm/m/it/10 ziskejhodnotupametinaktereseukazujeukazatel
aprepisthodnotyazapistonamistonaktereukazovalukazatelukazatetelemuzouukazovatna
stejnouadresup \OT1/cmr/m/n/10 =
 []


Overfull \hbox (795.30222pt too wide) in paragraph at lines 20--44
\OML/cmm/m/it/10 qNULLukazatelpouzetoprotestovatinepouzivatatestovatjestliukaza
telNUllukazatelbytmelbytjasnouabezpecnouadresuauzpriinicilizacimusibytjasnouadr
esuneprirazovatukazateleruznychtypuabychomsevyhlinedefinovanemuchovanikonstanti
niukazatel \OMS/cmsy/m/n/10 ^^@
 []


Underfull \hbox (badness 10000) in paragraph at lines 20--44
\OML/cmm/m/it/10 nelzemenitsamotnouadresualetapametnakteroujeodkazovanojoint \O
MS/cmsy/m/n/10 ^^C
 []


Overfull \hbox (96.00659pt too wide) in paragraph at lines 20--44
\OML/cmm/m/it/10 constCP \OT1/cmr/m/n/10 = \OML/cmm/m/it/10 iukazatelnakonstant
u \OMS/cmsy/m/n/10 ^^@ \OML/cmm/m/it/10 lzezmenitadresualepametkterajenaadresen
ejdemenitconstint \OMS/cmsy/m/n/10 ^^C
 []

! Misplaced alignment tab character &.
l.52         pokud chceme hodnotu int ** ppi = &
                                                pi
I can't figure out why you would want to use a tab mark
here. If you just want an ampersand, the remedy is
simple: Just type `I\&' now. But if some right brace
up above has ended a previous alignment prematurely,
you're probably due for more error messages, and you
might try typing `S' now just to see what is salvageable.

! Missing $ inserted.
<inserted text> 
                $
l.58                     void *malloc(size_
                                           t size) casto se k tomu pouziva s...
I've inserted a begin-math/end-math symbol since I think
you left one out. Proceed, with fingers crossed.

! Missing $ inserted.
<inserted text> 
                $
l.79 
     
I've inserted a begin-math/end-math symbol since I think
you left one out. Proceed, with fingers crossed.


Underfull \hbox (badness 1616) in paragraph at lines 49--79
[]\OT1/cmr/m/n/10 Ukazatel na ukaza-tel - na tvorba slozite-jsich dy-nam-ick-yc
h da-tovych
 []


Underfull \hbox (badness 2096) in paragraph at lines 49--79
\OT1/cmr/m/n/10 ne-jde primo vytvorit po-j-men-o-vanou promen-nou a pro-gram-a-
tor je zod-
 []


Overfull \hbox (538.66675pt too wide) in paragraph at lines 49--79
\OT1/cmr/m/n/10 *malloc(size$[]\OML/cmm/m/it/10 size\OT1/cmr/m/n/10 )\OML/cmm/m
/it/10 castosektomupouzivasizeoffalkujepametnahromadeavratiukazatelsizepocatalo
kovanychbajtuvraciobecnyukazatelneboNULLkdyzdoslokchybetrebanenidostatekpametin
aprif\OT1/cmr/m/n/10 ((\OML/cmm/m/it/10 int \OMS/cmsy/m/n/10 ^^C
 []


Overfull \hbox (425.42114pt too wide) in paragraph at lines 49--79
\OML/cmm/m/it/10 pi \OT1/cmr/m/n/10 = \OML/cmm/m/it/10 malloc\OT1/cmr/m/n/10 (\
OML/cmm/m/it/10 sizeoff\OT1/cmr/m/n/10 (\OML/cmm/m/it/10 int\OT1/cmr/m/n/10 )))
 == \OML/cmm/m/it/10 NULL\OT1/cmr/m/n/10 )[]\OML/cmm/m/it/10 voleudelejsinatocv
icenisizeoffjeoperatorresisebehemcomplitimeprubehuprekladunesmimeztratitukazate
l\OMS/cmsy/m/n/10 ^^@ \OML/cmm/m/it/10 >
 []


Overfull \hbox (111.58669pt too wide) in paragraph at lines 49--79
\OML/cmm/m/it/10 jehoztrata\OMS/cmsy/m/n/10 ^^@ \OML/cmm/m/it/10 > memoryleak\O
MS/cmsy/m/n/10 ^^@ \OML/cmm/m/it/10 > ztracenoupametnelzeziskatzpetuvolnenipame
tmusimepametuvolnit \OMS/cmsy/m/n/10 ^^@
 []


Overfull \hbox (403.05577pt too wide) in paragraph at lines 49--79
\OML/cmm/m/it/10 free\OT1/cmr/m/n/10 ()\OML/cmm/m/it/10 int \OMS/cmsy/m/n/10 ^^
C \OML/cmm/m/it/10 pi \OT1/cmr/m/n/10 = \OML/cmm/m/it/10 malloc\OT1/cmr/m/n/10 
(\OML/cmm/m/it/10 sizeof\OT1/cmr/m/n/10 (\OML/cmm/m/it/10 int\OT1/cmr/m/n/10 ))
\OML/cmm/m/it/10 free\OT1/cmr/m/n/10 (\OML/cmm/m/it/10 pi\OT1/cmr/m/n/10 )\OML/
cmm/m/it/10 jednomalloc\OT1/cmr/m/n/10 ()\OML/cmm/m/it/10 jednofree\OT1/cmr/m/n
/10 ()\OML/cmm/m/it/10 Datovytyppolepolejestejnehotypupotomexistujijesteunionst
rucvarraysenekontrolujemezepoli\OMS/cmsy/m/n/10 ^^@ \OML/cmm/m/it/10 >
 []


Overfull \hbox (131.28302pt too wide) in paragraph at lines 49--79
\OML/cmm/m/it/10 zodpovednyjeprogramatorbuffer \OMS/cmsy/m/n/10 ^^@ \OML/cmm/m/
it/10 overrflowjakobezpecnostichybakdyzjemimopoleamuzemesiprepsatdata$ 
 []

[1

{/var/lib/texmf/fonts/map/pdftex/updmap/pdftex.map}] (./treti_hodina.aux)
 ***********
LaTeX2e <2023-11-01> patch level 1
L3 programming layer <2024-02-20>
 ***********
 ) 
Here is how much of TeX's memory you used:
 3213 strings out of 475153
 47814 string characters out of 5770015
 1934187 words of memory out of 5000000
 25404 multiletter control sequences out of 15000+600000
 559768 words of font info for 44 fonts, out of 8000000 for 9000
 475 hyphenation exceptions out of 8191
 70i,5n,79p,310b,113s stack positions out of 10000i,1000n,20000p,200000b,200000s
</usr/share/texmf/fonts/type1/public/amsfonts/cm/cmmi10.pfb></usr/share/texmf
/fonts/type1/public/amsfonts/cm/cmmi7.pfb></usr/share/texmf/fonts/type1/public/
amsfonts/cm/cmr10.pfb></usr/share/texmf/fonts/type1/public/amsfonts/cm/cmsy10.p
fb>
Output written on treti_hodina.pdf (1 page, 54893 bytes).
PDF statistics:
 28 PDF objects out of 1000 (max. 8388607)
 16 compressed objects within 1 object stream
 0 named destinations out of 1000 (max. 500000)
 1 words of extra memory for PDF output out of 10000 (max. 10000000)

