This file contains any messages produced by compilers while
running configure, to aid debugging if configure makes a mistake.

It was created by dpic configure 2021.04.10, which was
generated by GNU Autoconf 2.69.  Invocation command line was

  $ ./configure 

## --------- ##
## Platform. ##
## --------- ##

hostname = 2532192046.kn.vutbr.cz
uname -m = x86_64
uname -r = 6.11.0-1-default
uname -s = Linux
uname -v = #1 SMP PREEMPT_DYNAMIC Wed Sep 25 07:09:20 UTC 2024 (b87e886)

/usr/bin/uname -p = x86_64
/bin/uname -X     = unknown

/bin/arch              = x86_64
/usr/bin/arch -k       = unknown
/usr/convex/getsysinfo = unknown
/usr/bin/hostinfo      = unknown
/bin/machine           = unknown
/usr/bin/oslevel       = unknown
/bin/universe          = unknown

PATH: /home/tjoslef/.cargo/bin
PATH: /home/tjoslef/.local/bin
PATH: /home/tjoslef/bin
PATH: /usr/local/bin
PATH: /usr/bin
PATH: /bin
PATH: /snap/bin


## ----------- ##
## Core tests. ##
## ----------- ##

configure:2012: loading site script /usr/share/site/x86_64-pc-linux-gnu
| #!/bin/sh
| # Site script for configure. It is resourced via $CONFIG_SITE environment varaible.
| 
| # If user did not specify libdir, guess the correct target:
| # Use lib64 for 64 bit bi-arch targets, keep the default for the rest.
| if test "$libdir" = '${exec_prefix}/lib' ; then
| 
| 	ac_config_site_64bit_host=NONE
| 
| 	case "$host" in
| 	"" )
| 		# User did not specify host target.
| 		# The native platform x86_64 is a bi-arch platform.
| 		# Try to detect cross-compilation to inferior architecture.
| 
| 		# We are trying to guess 32-bit target compilation. It's not as easy as
| 		# it sounds, as there is possible several intermediate combinations.
| 		ac_config_site_cross_to_32bit_host=NONE
| 
| 		# User defined -m32 in CFLAGS or CXXFLAGS or CC or CXX:
| 		# (It's sufficient for 32-bit, but alone may cause mis-behavior of some checks.)
| 		case "$CFLAGS $CXXFLAGS $CC $CXX" in
| 		*-m32*)
| 			ac_config_site_cross_to_32bit_host=YES
| 			;;
| 		esac
| 
| 		# Running with linux32:
| 		# (Changes detected platform, but not the toolchain target.)
| 		case "`/bin/uname -i`" in
| 		x86_64 | ppc64 | s390x | aarch64 )
| 			;;
| 		* )
| 			ac_config_site_cross_to_32bit_host=YES
| 			;;
| 		esac
| 
| 		if test "x$ac_config_site_cross_to_32bit_host" = xNONE; then
| 			ac_config_site_64bit_host=YES
| 		fi
| 
| 		;;
| 	*x86_64* | *ppc64* | *s390x* | *aarch64* )
| 		ac_config_site_64bit_host=YES
| 		;;
| 	esac
| 
| 	if test "x$ac_config_site_64bit_host" = xYES; then
| 		libdir='${exec_prefix}/lib64'
| 	fi
| fi
| 
| # Continue with the standard behavior of configure defined in AC_SITE_LOAD:
| if test "x$prefix" != xNONE; then
| 	ac_site_files="$prefix/share/config.site $prefix/etc/config.site"
| else
| 	ac_site_files="$ac_default_prefix/share/config.site $ac_default_prefix/etc/config.site"
| fi
| 
| for ac_site_file in $ac_site_files
| do
| 	case $ac_site_file in #(
| 	*/*) :
| 		 ;; #(
| 	*) :
| 		ac_site_file=./$ac_site_file ;;
| esac
| 	if test -f "$ac_site_file" && test -r "$ac_site_file"; then
| 		{ printf "%s\n" "/usr/share/site/x86_64-pc-linux-gnu:${as_lineno-$LINENO}: loading site script $ac_site_file" >&5
| printf "%s\n" "/usr/share/site/x86_64-pc-linux-gnu: loading site script $ac_site_file" >&6;}
| 		sed 's/^/| /' "$ac_site_file" >&5
| 		. "$ac_site_file" \
| 			|| { { printf "%s\n" "/usr/share/site/x86_64-pc-linux-gnu:${as_lineno-$LINENO}: error: in '$ac_pwd':" >&5
| printf "%s\n" "/usr/share/site/x86_64-pc-linux-gnu: error: in '$ac_pwd':" >&2;}
| as_fn_error $? "failed to load site script $ac_site_file
| See 'config.log' for more details" "$LINENO" 5; }
| 	fi
| done
configure:2283: checking for gcc
configure:2299: found /usr/bin/gcc
configure:2310: result: gcc
configure:2539: checking for C compiler version
configure:2548: gcc --version >&5
gcc (SUSE Linux) 14.2.0
Copyright (C) 2024 Free Software Foundation, Inc.
This is free software; see the source for copying conditions.  There is NO
warranty; not even for MERCHANTABILITY or FITNESS FOR A PARTICULAR PURPOSE.

configure:2559: $? = 0
configure:2548: gcc -v >&5
Using built-in specs.
COLLECT_GCC=gcc
COLLECT_LTO_WRAPPER=/usr/lib64/gcc/x86_64-suse-linux/14/lto-wrapper
OFFLOAD_TARGET_NAMES=nvptx-none:amdgcn-amdhsa
OFFLOAD_TARGET_DEFAULT=1
Target: x86_64-suse-linux
Configured with: ../configure CFLAGS=' -O2 -funwind-tables -fasynchronous-unwind-tables -fstack-clash-protection -Werror=return-type -g' CXXFLAGS=' -O2 -funwind-tables -fasynchronous-unwind-tables -fstack-clash-protection -Werror=return-type -g' XCFLAGS=' -O2 -funwind-tables -fasynchronous-unwind-tables -fstack-clash-protection -Werror=return-type -g' TCFLAGS=' -O2 -funwind-tables -fasynchronous-unwind-tables -fstack-clash-protection -Werror=return-type -g' GDCFLAGS=' -O2 -funwind-tables -fasynchronous-unwind-tables -fstack-clash-protection -g' --prefix=/usr --infodir=/usr/share/info --mandir=/usr/share/man --libdir=/usr/lib64 --libexecdir=/usr/lib64 --enable-languages=c,c++,objc,fortran,obj-c++,ada,go,d,jit,rust,m2 --enable-offload-targets=nvptx-none,amdgcn-amdhsa, --enable-offload-defaulted --without-cuda-driver --enable-host-shared --enable-checking=release --disable-werror --with-gxx-include-dir=/usr/include/c++/14 --with-libstdcxx-zoneinfo=/usr/share/zoneinfo --enable-ssp --disable-libssp --disable-libvtv --enable-cet=auto --disable-libcc1 --enable-plugin --with-bugurl=https://bugs.opensuse.org/ --with-pkgversion='SUSE Linux' --with-slibdir=/lib64 --with-system-zlib --enable-libstdcxx-allocator=new --disable-libstdcxx-pch --enable-libphobos --enable-version-specific-runtime-libs --with-gcc-major-version-only --enable-linker-build-id --enable-linux-futex --enable-gnu-indirect-function --program-suffix=-14 --without-system-libunwind --enable-multilib --with-arch-32=x86-64 --with-tune=generic --with-build-config=bootstrap-lto-lean --enable-link-serialization --build=x86_64-suse-linux --host=x86_64-suse-linux
Thread model: posix
Supported LTO compression algorithms: zlib zstd
gcc version 14.2.0 (SUSE Linux) 
... rest of stderr output deleted ...
configure:2559: $? = 0
configure:2548: gcc -V >&5
gcc: error: unrecognized command-line option '-V'
gcc: fatal error: no input files
compilation terminated.
configure:2559: $? = 1
configure:2548: gcc -qversion >&5
gcc: error: unrecognized command-line option '-qversion'; did you mean '--version'?
gcc: fatal error: no input files
compilation terminated.
configure:2559: $? = 1
configure:2579: checking whether the C compiler works
configure:2601: gcc -O   conftest.c  >&5
configure:2605: $? = 0
configure:2653: result: yes
configure:2656: checking for C compiler default output file name
configure:2658: result: a.out
configure:2664: checking for suffix of executables
configure:2671: gcc -o conftest -O   conftest.c  >&5
configure:2675: $? = 0
configure:2697: result: 
configure:2719: checking whether we are cross compiling
configure:2727: gcc -o conftest -O   conftest.c  >&5
configure:2731: $? = 0
configure:2738: ./conftest
configure:2742: $? = 0
configure:2757: result: no
configure:2762: checking for suffix of object files
configure:2784: gcc -c -O  conftest.c >&5
configure:2788: $? = 0
configure:2809: result: o
configure:2813: checking whether we are using the GNU C compiler
configure:2832: gcc -c -O  conftest.c >&5
configure:2832: $? = 0
configure:2841: result: yes
configure:2850: checking whether gcc accepts -g
configure:2870: gcc -c -g  conftest.c >&5
configure:2870: $? = 0
configure:2911: result: yes
configure:2928: checking for gcc option to accept ISO C89
configure:2991: gcc  -c -O  conftest.c >&5
configure:2991: $? = 0
configure:3004: result: none needed
configure:3039: checking for a BSD-compatible install
configure:3107: result: /usr/bin/install -c
configure:3118: checking whether make sets $(MAKE)
configure:3140: result: yes
configure:3156: checking how to run the C preprocessor
configure:3187: gcc -E  conftest.c
configure:3187: $? = 0
configure:3201: gcc -E  conftest.c
conftest.c:12:10: fatal error: ac_nonexistent.h: No such file or directory
   12 | #include <ac_nonexistent.h>
      |          ^~~~~~~~~~~~~~~~~~
compilation terminated.
configure:3201: $? = 1
configure: failed program was:
| /* confdefs.h */
| #define PACKAGE_NAME "dpic"
| #define PACKAGE_TARNAME "dpic"
| #define PACKAGE_VERSION "2021.04.10"
| #define PACKAGE_STRING "dpic 2021.04.10"
| #define PACKAGE_BUGREPORT ""
| #define PACKAGE_URL ""
| #define PACKAGE "dpic"
| #define PROGRAM_NAME "dpic"
| #define VERSION "2024.01.01"
| /* end confdefs.h.  */
| #include <ac_nonexistent.h>
configure:3226: result: gcc -E
configure:3246: gcc -E  conftest.c
configure:3246: $? = 0
configure:3260: gcc -E  conftest.c
conftest.c:12:10: fatal error: ac_nonexistent.h: No such file or directory
   12 | #include <ac_nonexistent.h>
      |          ^~~~~~~~~~~~~~~~~~
compilation terminated.
configure:3260: $? = 1
configure: failed program was:
| /* confdefs.h */
| #define PACKAGE_NAME "dpic"
| #define PACKAGE_TARNAME "dpic"
| #define PACKAGE_VERSION "2021.04.10"
| #define PACKAGE_STRING "dpic 2021.04.10"
| #define PACKAGE_BUGREPORT ""
| #define PACKAGE_URL ""
| #define PACKAGE "dpic"
| #define PROGRAM_NAME "dpic"
| #define VERSION "2024.01.01"
| /* end confdefs.h.  */
| #include <ac_nonexistent.h>
configure:3289: checking for grep that handles long lines and -e
configure:3347: result: /usr/bin/grep
configure:3352: checking for egrep
configure:3414: result: /usr/bin/grep -E
configure:3419: checking for ANSI C header files
configure:3439: gcc -c -O  conftest.c >&5
configure:3439: $? = 0
configure:3512: gcc -o conftest -O   conftest.c  >&5
configure:3512: $? = 0
configure:3512: ./conftest
configure:3512: $? = 0
configure:3523: result: yes
configure:3536: checking for sys/types.h
configure:3536: gcc -c -O  conftest.c >&5
configure:3536: $? = 0
configure:3536: result: yes
configure:3536: checking for sys/stat.h
configure:3536: gcc -c -O  conftest.c >&5
configure:3536: $? = 0
configure:3536: result: yes
configure:3536: checking for stdlib.h
configure:3536: gcc -c -O  conftest.c >&5
configure:3536: $? = 0
configure:3536: result: yes
configure:3536: checking for string.h
configure:3536: gcc -c -O  conftest.c >&5
configure:3536: $? = 0
configure:3536: result: yes
configure:3536: checking for memory.h
configure:3536: gcc -c -O  conftest.c >&5
configure:3536: $? = 0
configure:3536: result: yes
configure:3536: checking for strings.h
configure:3536: gcc -c -O  conftest.c >&5
configure:3536: $? = 0
configure:3536: result: yes
configure:3536: checking for inttypes.h
configure:3536: gcc -c -O  conftest.c >&5
configure:3536: $? = 0
configure:3536: result: yes
configure:3536: checking for stdint.h
configure:3536: gcc -c -O  conftest.c >&5
configure:3536: $? = 0
configure:3536: result: yes
configure:3536: checking for unistd.h
configure:3536: gcc -c -O  conftest.c >&5
configure:3536: $? = 0
configure:3536: result: yes
configure:3551: checking time.h usability
configure:3551: gcc -c -O  conftest.c >&5
configure:3551: $? = 0
configure:3551: result: yes
configure:3551: checking time.h presence
configure:3551: gcc -E  conftest.c
configure:3551: $? = 0
configure:3551: result: yes
configure:3551: checking for time.h
configure:3551: result: yes
configure:3551: checking math.h usability
configure:3551: gcc -c -O  conftest.c >&5
configure:3551: $? = 0
configure:3551: result: yes
configure:3551: checking math.h presence
configure:3551: gcc -E  conftest.c
configure:3551: $? = 0
configure:3551: result: yes
configure:3551: checking for math.h
configure:3551: result: yes
configure:3551: checking assert.h usability
configure:3551: gcc -c -O  conftest.c >&5
configure:3551: $? = 0
configure:3551: result: yes
configure:3551: checking assert.h presence
configure:3551: gcc -E  conftest.c
configure:3551: $? = 0
configure:3551: result: yes
configure:3551: checking for assert.h
configure:3551: result: yes
configure:3562: checking for random
configure:3562: gcc -o conftest -O   conftest.c  >&5
configure:3562: $? = 0
configure:3562: result: yes
configure:3613: checking for snprintf
configure:3613: gcc -o conftest -O   conftest.c  >&5
conftest.c:48:6: warning: conflicting types for built-in function 'snprintf'; expected 'int(char *, long unsigned int,  const char *, ...)' [-Wbuiltin-declaration-mismatch]
   48 | char snprintf ();
      |      ^~~~~~~~
conftest.c:36:1: note: 'snprintf' is declared in header '<stdio.h>'
   35 | # include <limits.h>
   36 | #else
configure:3613: $? = 0
configure:3613: result: yes
configure:3769: creating ./config.status

## ---------------------- ##
## Running config.status. ##
## ---------------------- ##

This file was extended by dpic config.status 2021.04.10, which was
generated by GNU Autoconf 2.69.  Invocation command line was

  CONFIG_FILES    = 
  CONFIG_HEADERS  = 
  CONFIG_LINKS    = 
  CONFIG_COMMANDS = 
  $ ./config.status 

on 2532192046.kn.vutbr.cz

config.status:737: creating Makefile

## ---------------- ##
## Cache variables. ##
## ---------------- ##

ac_cv_c_compiler_gnu=yes
ac_cv_env_CC_set=
ac_cv_env_CC_value=
ac_cv_env_CFLAGS_set=
ac_cv_env_CFLAGS_value=
ac_cv_env_CPPFLAGS_set=
ac_cv_env_CPPFLAGS_value=
ac_cv_env_CPP_set=
ac_cv_env_CPP_value=
ac_cv_env_LDFLAGS_set=
ac_cv_env_LDFLAGS_value=
ac_cv_env_LIBS_set=
ac_cv_env_LIBS_value=
ac_cv_env_build_alias_set=
ac_cv_env_build_alias_value=
ac_cv_env_host_alias_set=
ac_cv_env_host_alias_value=
ac_cv_env_target_alias_set=
ac_cv_env_target_alias_value=
ac_cv_func_random=yes
ac_cv_func_snprintf=yes
ac_cv_header_assert_h=yes
ac_cv_header_inttypes_h=yes
ac_cv_header_math_h=yes
ac_cv_header_memory_h=yes
ac_cv_header_stdc=yes
ac_cv_header_stdint_h=yes
ac_cv_header_stdlib_h=yes
ac_cv_header_string_h=yes
ac_cv_header_strings_h=yes
ac_cv_header_sys_stat_h=yes
ac_cv_header_sys_types_h=yes
ac_cv_header_time_h=yes
ac_cv_header_unistd_h=yes
ac_cv_objext=o
ac_cv_path_EGREP='/usr/bin/grep -E'
ac_cv_path_GREP=/usr/bin/grep
ac_cv_path_install='/usr/bin/install -c'
ac_cv_prog_CPP='gcc -E'
ac_cv_prog_ac_ct_CC=gcc
ac_cv_prog_cc_c89=
ac_cv_prog_cc_g=yes
ac_cv_prog_make_make_set=yes

## ----------------- ##
## Output variables. ##
## ----------------- ##

CC='gcc'
CFLAGS='-O'
CPP='gcc -E'
CPPFLAGS=''
DEFS='-DPACKAGE_NAME=\"dpic\" -DPACKAGE_TARNAME=\"dpic\" -DPACKAGE_VERSION=\"2021.04.10\" -DPACKAGE_STRING=\"dpic\ 2021.04.10\" -DPACKAGE_BUGREPORT=\"\" -DPACKAGE_URL=\"\" -DPACKAGE=\"dpic\" -DPROGRAM_NAME=\"dpic\" -DVERSION=\"2024.01.01\" -DSTDC_HEADERS=1 -DHAVE_SYS_TYPES_H=1 -DHAVE_SYS_STAT_H=1 -DHAVE_STDLIB_H=1 -DHAVE_STRING_H=1 -DHAVE_MEMORY_H=1 -DHAVE_STRINGS_H=1 -DHAVE_INTTYPES_H=1 -DHAVE_STDINT_H=1 -DHAVE_UNISTD_H=1 -DHAVE_TIME_H=1 -DHAVE_MATH_H=1 -DHAVE_ASSERT_H=1'
ECHO_C=''
ECHO_N='-n'
ECHO_T=''
EGREP='/usr/bin/grep -E'
EXEEXT=''
GREP='/usr/bin/grep'
INSTALL_DATA='${INSTALL} -m 644'
INSTALL_PROGRAM='${INSTALL}'
INSTALL_SCRIPT='${INSTALL}'
LDFLAGS=''
LIBOBJS=''
LIBS=''
LTLIBOBJS=''
OBJEXT='o'
PACKAGE='dpic'
PACKAGE_BUGREPORT=''
PACKAGE_NAME='dpic'
PACKAGE_STRING='dpic 2021.04.10'
PACKAGE_TARNAME='dpic'
PACKAGE_URL=''
PACKAGE_VERSION='2021.04.10'
PATH_SEPARATOR=':'
SET_MAKE=''
SHELL='/bin/sh'
UCPACKAGE='DPIC'
VERSION='2024.01.01'
ac_ct_CC='gcc'
bindir='${exec_prefix}/bin'
build_alias=''
datadir='${datarootdir}'
datarootdir='${prefix}/share'
defno_snprintf=''
defrand=''
docdir='${datarootdir}/doc/${PACKAGE_TARNAME}'
dvidir='${docdir}'
exec_prefix='${prefix}'
host_alias=''
htmldir='${docdir}'
iberty=''
includedir='${prefix}/include'
infodir='${datarootdir}/info'
libdir='${exec_prefix}/lib64'
libexecdir='${exec_prefix}/libexec'
localedir='${datarootdir}/locale'
localstatedir='${prefix}/var'
mandir='${datarootdir}/man'
oldincludedir='/usr/include'
pdfdir='${docdir}'
prefix='/usr/local'
program_transform_name='s,x,x,'
psdir='${docdir}'
runstatedir='${localstatedir}/run'
safe_mode=''
sbindir='${exec_prefix}/sbin'
sharedstatedir='${prefix}/com'
sysconfdir='${prefix}/etc'
target_alias=''

## ----------- ##
## confdefs.h. ##
## ----------- ##

/* confdefs.h */
#define PACKAGE_NAME "dpic"
#define PACKAGE_TARNAME "dpic"
#define PACKAGE_VERSION "2021.04.10"
#define PACKAGE_STRING "dpic 2021.04.10"
#define PACKAGE_BUGREPORT ""
#define PACKAGE_URL ""
#define PACKAGE "dpic"
#define PROGRAM_NAME "dpic"
#define VERSION "2024.01.01"
#define STDC_HEADERS 1
#define HAVE_SYS_TYPES_H 1
#define HAVE_SYS_STAT_H 1
#define HAVE_STDLIB_H 1
#define HAVE_STRING_H 1
#define HAVE_MEMORY_H 1
#define HAVE_STRINGS_H 1
#define HAVE_INTTYPES_H 1
#define HAVE_STDINT_H 1
#define HAVE_UNISTD_H 1
#define HAVE_TIME_H 1
#define HAVE_MATH_H 1
#define HAVE_ASSERT_H 1

configure: exit 0
