This is pdfTeX, Version 3.141592653-2.6-1.40.26 (TeX Live 2024/TeX Live for SUSE Linux) (preloaded format=pdflatex 2024.11.9)  6 DEC 2024 14:15
entering extended mode
 restricted \write18 enabled.
 %&-line parsing enabled.
**/home/tjoslef/skola/zapisky/vut/IEL/projekt/sablona_reseni/05-pr5.tex
(/home/tjoslef/skola/zapisky/vut/IEL/projekt/sablona_reseni/05-pr5.tex
LaTeX2e <2023-11-01> patch level 1
L3 programming layer <2024-02-20>
! Undefined control sequence.
l.1 \section
            {Příklad 5}
The control sequence at the end of the top line
of your error message was never \def'ed. If you have
misspelled it (e.g., `\hobx'), type `I' and the correct
spelling (e.g., `I\hbox'). Otherwise just continue,
and I'll forget about whatever was undefined.


! LaTeX Error: Missing \begin{document}.

See the LaTeX manual or LaTeX Companion for explanation.
Type  H <return>  for immediate help.
 ...                                              
                                                  
l.1 \section{P
              říklad 5}
You're in trouble here.  Try typing  <return>  to proceed.
If that doesn't work, type  X <return>  to quit.

Missing character: There is no P in font nullfont!
LaTeX Font Info:    Trying to load font information for +cmr on input line 1.
LaTeX Font Info:    No file cmr.fd. on input line 1.

LaTeX Font Warning: Font shape `/cmr/m/n' undefined
(Font)              using `/cmr/m/n' instead on input line 1.

! Corrupted NFSS tables.
wrong@fontshape ...message {Corrupted NFSS tables}
                                                  error@fontshape else let f...
l.1 \section{Př
                íklad 5}
This error message was generated by an \errmessage
command, so I can't give any explicit help.
Pretend that you're Hercule Poirot: Examine all clues,
and deduce the truth by order and method.


LaTeX Font Warning: Font shape `/cmr/m/n' undefined
(Font)              using `OT1/cmr/m/n' instead on input line 1.

Missing character: There is no k in font nullfont!
Missing character: There is no l in font nullfont!
Missing character: There is no a in font nullfont!
Missing character: There is no d in font nullfont!
Missing character: There is no 5 in font nullfont!
! Undefined control sequence.
l.4 \patyZadani
               {F}
The control sequence at the end of the top line
of your error message was never \def'ed. If you have
misspelled it (e.g., `\hobx'), type `I' and the correct
spelling (e.g., `I\hbox'). Otherwise just continue,
and I'll forget about whatever was undefined.

Missing character: There is no F in font nullfont!

Overfull \hbox (31.69447pt too wide) in paragraph at lines 1--5
[]\/cmr/m/n/10 ^^Tr^^S^^P
 []

! Undefined control sequence.
l.6 \subsection
               *{Z ceho budeme vychaze}
The control sequence at the end of the top line
of your error message was never \def'ed. If you have
misspelled it (e.g., `\hobx'), type `I' and the correct
spelling (e.g., `I\hbox'). Otherwise just continue,
and I'll forget about whatever was undefined.


! LaTeX Error: Missing \begin{document}.

See the LaTeX manual or LaTeX Companion for explanation.
Type  H <return>  for immediate help.
 ...                                              
                                                  
l.6 \subsection*
                {Z ceho budeme vychaze}
You're in trouble here.  Try typing  <return>  to proceed.
If that doesn't work, type  X <return>  to quit.

Missing character: There is no * in font nullfont!
Missing character: There is no Z in font nullfont!
Missing character: There is no c in font nullfont!
Missing character: There is no e in font nullfont!
Missing character: There is no h in font nullfont!
Missing character: There is no o in font nullfont!
Missing character: There is no b in font nullfont!
Missing character: There is no u in font nullfont!
Missing character: There is no d in font nullfont!
Missing character: There is no e in font nullfont!
Missing character: There is no m in font nullfont!
Missing character: There is no e in font nullfont!
Missing character: There is no v in font nullfont!
Missing character: There is no y in font nullfont!
Missing character: There is no c in font nullfont!
Missing character: There is no h in font nullfont!
Missing character: There is no a in font nullfont!
Missing character: There is no z in font nullfont!
Missing character: There is no e in font nullfont!

Overfull \hbox (20.0pt too wide) in paragraph at lines 6--7
[]
 []

LaTeX Font Info:    External font `cmex10' loaded for size
(Font)              <7> on input line 7.
LaTeX Font Info:    External font `cmex10' loaded for size
(Font)              <5> on input line 7.
! Undefined control sequence.
l.8 ...\frac{U_r}{R} \quad \Rightarrow \quad \text
                                                  {Ohmův zákon}
The control sequence at the end of the top line
of your error message was never \def'ed. If you have
misspelled it (e.g., `\hobx'), type `I' and the correct
spelling (e.g., `I\hbox'). Otherwise just continue,
and I'll forget about whatever was undefined.


LaTeX Warning: Command \r invalid in math mode on input line 8.


LaTeX Warning: Command \r invalid in math mode on input line 8.

! Please use \mathaccent for accents in math mode.
\add@accent ... \let \ignorespaces \relax \accent 
                                                  #1 #2\egroup \ifmmode \els...
l.8 ...U_r}{R} \quad \Rightarrow \quad \text{Ohmů
                                                  v zákon}
I'm changing \accent to \mathaccent here; wish me luck.
(Accents are not the same in formulas as they are in text.)

! Missing { inserted.
<to be read again> 
                   \edef 
l.8 ...U_r}{R} \quad \Rightarrow \quad \text{Ohmů
                                                  v zákon}
A left brace was mandatory here, so I've put one in.
You might want to delete and/or insert some corrections
so that I will find a matching right brace soon.
(If you're confused by all this, try typing `I}' now.)


LaTeX Warning: Command \' invalid in math mode on input line 8.

! Please use \mathaccent for accents in math mode.
\add@accent ... \let \ignorespaces \relax \accent 
                                                  #1 #2\egroup \ifmmode \els...
l.8 ...R} \quad \Rightarrow \quad \text{Ohmův zá
                                                  kon}
I'm changing \accent to \mathaccent here; wish me luck.
(Accents are not the same in formulas as they are in text.)


! LaTeX Error: Bad math environment delimiter.

See the LaTeX manual or LaTeX Companion for explanation.
Type  H <return>  for immediate help.
 ...                                              
                                                  
l.9 \]
      
Your command was ignored.
Type  I <command> <return>  to replace it with another command,
or  <return>  to continue without it.

! Missing $ inserted.
<inserted text> 
                $
l.10 
     
I've inserted a begin-math/end-math symbol since I think
you left one out. Proceed, with fingers crossed.

! Missing } inserted.
<inserted text> 
                }
l.10 
     
I've inserted something that you may have forgotten.
(See the <inserted text> above.)
With luck, this will get me unwedged. But if you
really didn't forget anything, try typing `2' now; then
my insertion and my current dilemma will both disappear.

! Display math should end with $$.
<to be read again> 
                   \tex_par:D 
l.10 
     
The `$' that I just saw supposedly matches a previous `$$'.
So I shall assume that you typed `$$' both times.


Overfull \hbox (106.11427pt too wide) detected at line 10
\OML/cmm/m/it/10 i \/cmr/m/n/10 = []  \OMS/cmsy/m/n/10 )  []
 []


! LaTeX Error: Missing \begin{document}.

See the LaTeX manual or LaTeX Companion for explanation.
Type  H <return>  for immediate help.
 ...                                              
                                                  
l.11 \[
       
You're in trouble here.  Try typing  <return>  to proceed.
If that doesn't work, type  X <return>  to quit.


Overfull \hbox (20.0pt too wide) in paragraph at lines 11--11
[][] 
 []

! Undefined control sequence.
l.12 U_r + U_l = U \quad \Rightarrow \quad \text
                                                {Kirchhoffův druhý zákon}
The control sequence at the end of the top line
of your error message was never \def'ed. If you have
misspelled it (e.g., `\hobx'), type `I' and the correct
spelling (e.g., `I\hbox'). Otherwise just continue,
and I'll forget about whatever was undefined.


LaTeX Warning: Command \r invalid in math mode on input line 12.


LaTeX Warning: Command \r invalid in math mode on input line 12.

! Please use \mathaccent for accents in math mode.
\add@accent ... \let \ignorespaces \relax \accent 
                                                  #1 #2\egroup \ifmmode \els...
l.12 ... \quad \Rightarrow \quad \text{Kirchhoffů
                                                  v druhý zákon}
I'm changing \accent to \mathaccent here; wish me luck.
(Accents are not the same in formulas as they are in text.)

! Missing { inserted.
<to be read again> 
                   \edef 
l.12 ... \quad \Rightarrow \quad \text{Kirchhoffů
                                                  v druhý zákon}
A left brace was mandatory here, so I've put one in.
You might want to delete and/or insert some corrections
so that I will find a matching right brace soon.
(If you're confused by all this, try typing `I}' now.)


LaTeX Warning: Command \' invalid in math mode on input line 12.

! Please use \mathaccent for accents in math mode.
\add@accent ... \let \ignorespaces \relax \accent 
                                                  #1 #2\egroup \ifmmode \els...
l.12 ...Rightarrow \quad \text{Kirchhoffův druhý
                                                   zákon}
I'm changing \accent to \mathaccent here; wish me luck.
(Accents are not the same in formulas as they are in text.)


LaTeX Warning: Command \' invalid in math mode on input line 12.

! Please use \mathaccent for accents in math mode.
\add@accent ... \let \ignorespaces \relax \accent 
                                                  #1 #2\egroup \ifmmode \els...
l.12 ...tarrow \quad \text{Kirchhoffův druhý zá
                                                  kon}
I'm changing \accent to \mathaccent here; wish me luck.
(Accents are not the same in formulas as they are in text.)


! LaTeX Error: Bad math environment delimiter.

See the LaTeX manual or LaTeX Companion for explanation.
Type  H <return>  for immediate help.
 ...                                              
                                                  
l.13 \]
       
Your command was ignored.
Type  I <command> <return>  to replace it with another command,
or  <return>  to continue without it.

! Missing $ inserted.
<inserted text> 
                $
l.14 
     
I've inserted a begin-math/end-math symbol since I think
you left one out. Proceed, with fingers crossed.

! Missing } inserted.
<inserted text> 
                }
l.14 
     
I've inserted something that you may have forgotten.
(See the <inserted text> above.)
With luck, this will get me unwedged. But if you
really didn't forget anything, try typing `2' now; then
my insertion and my current dilemma will both disappear.

! Display math should end with $$.
<to be read again> 
                   \tex_par:D 
l.14 
     
The `$' that I just saw supposedly matches a previous `$$'.
So I shall assume that you typed `$$' both times.


Overfull \hbox (180.24223pt too wide) detected at line 14
\OML/cmm/m/it/10 U[] \/cmr/m/n/10 + \OML/cmm/m/it/10 U[] \/cmr/m/n/10 = \OML/cm
m/m/it/10 U  \OMS/cmsy/m/n/10 )  []
 []


! LaTeX Error: Missing \begin{document}.

See the LaTeX manual or LaTeX Companion for explanation.
Type  H <return>  for immediate help.
 ...                                              
                                                  
l.15 \[
       
You're in trouble here.  Try typing  <return>  to proceed.
If that doesn't work, type  X <return>  to quit.


Overfull \hbox (20.0pt too wide) in paragraph at lines 15--15
[][] 
 []


Overfull \hbox (79.21582pt too wide) detected at line 17
\OML/cmm/m/it/10 i[] \/cmr/m/n/10 = []\OML/cmm/m/it/10 ;  i\/cmr/m/n/10 (0) = \
OML/cmm/m/it/10 i[]
 []

! Undefined control sequence.
l.18 \subsection
                *{Samotny vypocet}
The control sequence at the end of the top line
of your error message was never \def'ed. If you have
misspelled it (e.g., `\hobx'), type `I' and the correct
spelling (e.g., `I\hbox'). Otherwise just continue,
and I'll forget about whatever was undefined.

Missing character: There is no * in font nullfont!
Missing character: There is no S in font nullfont!
Missing character: There is no a in font nullfont!
Missing character: There is no m in font nullfont!
Missing character: There is no o in font nullfont!
Missing character: There is no t in font nullfont!
Missing character: There is no n in font nullfont!
Missing character: There is no y in font nullfont!
Missing character: There is no v in font nullfont!
Missing character: There is no y in font nullfont!
Missing character: There is no p in font nullfont!
Missing character: There is no o in font nullfont!
Missing character: There is no c in font nullfont!
Missing character: There is no e in font nullfont!
Missing character: There is no t in font nullfont!
Missing character: There is no 1 in font nullfont!
Missing character: There is no . in font nullfont!
Missing character: There is no N in font nullfont!
Missing character: There is no e in font nullfont!
Missing character: There is no j in font nullfont!
Missing character: There is no p in font nullfont!
Missing character: There is no r in font nullfont!
Missing character: There is no v in font nullfont!
Missing character: There is no e in font nullfont!
Missing character: There is no v in font nullfont!
Missing character: There is no y in font nullfont!
Missing character: There is no j in font nullfont!
Missing character: There is no d in font nullfont!
Missing character: There is no m in font nullfont!
Missing character: There is no e in font nullfont!
Missing character: There is no z in font nullfont!
Missing character: There is no p in font nullfont!
Missing character: There is no r in font nullfont!
Missing character: There is no v in font nullfont!
Missing character: There is no n in font nullfont!
Missing character: There is no r in font nullfont!
Missing character: There is no o in font nullfont!
Missing character: There is no v in font nullfont!
Missing character: There is no n in font nullfont!
Missing character: There is no i in font nullfont!
Missing character: There is no c in font nullfont!
Missing character: There is no e in font nullfont!
Missing character: There is no . in font nullfont!
Missing character: There is no 2 in font nullfont!
Missing character: There is no . in font nullfont!
Missing character: There is no D in font nullfont!
Missing character: There is no o in font nullfont!
Missing character: There is no s in font nullfont!
Missing character: There is no a in font nullfont!
Missing character: There is no d in font nullfont!
Missing character: There is no m in font nullfont!
Missing character: There is no e in font nullfont!
Missing character: There is no d in font nullfont!
Missing character: There is no o in font nullfont!
Missing character: There is no d in font nullfont!
Missing character: There is no r in font nullfont!
Missing character: There is no u in font nullfont!
Missing character: There is no h in font nullfont!
Missing character: There is no r in font nullfont!
Missing character: There is no o in font nullfont!
Missing character: There is no v in font nullfont!
Missing character: There is no n in font nullfont!
Missing character: There is no i in font nullfont!
Missing character: There is no c in font nullfont!
Missing character: There is no e in font nullfont!
Missing character: There is no . in font nullfont!
Missing character: There is no 3 in font nullfont!
Missing character: There is no . in font nullfont!
Missing character: There is no P in font nullfont!
Missing character: There is no o in font nullfont!
Missing character: There is no t in font nullfont!
Missing character: There is no d in font nullfont!
Missing character: There is no o in font nullfont!
Missing character: There is no s in font nullfont!
Missing character: There is no a in font nullfont!
Missing character: There is no d in font nullfont!
Missing character: There is no m in font nullfont!
Missing character: There is no e in font nullfont!
Missing character: There is no v in font nullfont!
Missing character: There is no s in font nullfont!
Missing character: There is no l in font nullfont!
Missing character: There is no e in font nullfont!
Missing character: There is no d in font nullfont!
Missing character: There is no e in font nullfont!
Missing character: There is no k in font nullfont!
Missing character: There is no d in font nullfont!
Missing character: There is no o in font nullfont!
Missing character: There is no t in font nullfont!
Missing character: There is no e in font nullfont!
Missing character: There is no t in font nullfont!
Missing character: There is no r in font nullfont!
Missing character: There is no o in font nullfont!
Missing character: There is no v in font nullfont!
Missing character: There is no n in font nullfont!
Missing character: There is no i in font nullfont!
Missing character: There is no c in font nullfont!
Missing character: There is no e in font nullfont!
Missing character: There is no . in font nullfont!

Overfull \hbox (34.83316pt too wide) in paragraph at lines 17--23
  \OT1/cmr/bx/n/10 Kroky:
 []


Overfull \hbox (11.69447pt too wide) in paragraph at lines 17--23
\/cmr/m/n/10 ^^Sa^^Tr^^S^^P
 []


Overfull \hbox (11.25603pt too wide) in paragraph at lines 17--23
\OML/cmm/m/it/10 U[]$
 []


Overfull \hbox (2.77779pt too wide) in paragraph at lines 17--23
\/cmr/m/n/10 ^^S^^P
 []


Overfull \hbox (2.77779pt too wide) in paragraph at lines 17--23
\/cmr/m/n/10 ^^S^^P
 []


Overfull \hbox (11.25603pt too wide) in paragraph at lines 17--23
\OML/cmm/m/it/10 U[]$
 []


Overfull \hbox (4.44444pt too wide) in paragraph at lines 17--23
\/cmr/m/n/10 ^^Se
 []


Overfull \hbox (4.44444pt too wide) in paragraph at lines 17--23
\/cmr/m/n/10 ^^Se
 []


Overfull \hbox (2.77779pt too wide) in paragraph at lines 17--23
\/cmr/m/n/10 ^^S^^P
 []


Overfull \hbox (5.2778pt too wide) in paragraph at lines 17--23
\/cmr/m/n/10 ^^Sy
 []


Overfull \hbox (6.69446pt too wide) in paragraph at lines 17--23
\/cmr/m/n/10 ^^Tr^^S^^P
 []


! LaTeX Error: Missing \begin{document}.

See the LaTeX manual or LaTeX Companion for explanation.
Type  H <return>  for immediate help.
 ...                                              
                                                  
l.24 \[
       
You're in trouble here.  Try typing  <return>  to proceed.
If that doesn't work, type  X <return>  to quit.


Overfull \hbox (20.0pt too wide) in paragraph at lines 24--24
[][] 
 []


Overfull \hbox (58.97281pt too wide) detected at line 26
\OML/cmm/m/it/10 i[] \/cmr/m/n/10 = [] \OMS/cmsy/m/n/10 ^^@ [] ^^B \OML/cmm/m/i
t/10 i
 []


! LaTeX Error: Missing \begin{document}.

See the LaTeX manual or LaTeX Companion for explanation.
Type  H <return>  for immediate help.
 ...                                              
                                                  
l.28 \textbf{Úprava:}
                      
You're in trouble here.  Try typing  <return>  to proceed.
If that doesn't work, type  X <return>  to quit.


Overfull \hbox (59.45808pt too wide) in paragraph at lines 28--29
[][]\OT1/cmr/bx/n/10 Uprava: 
 []


! LaTeX Error: Missing \begin{document}.

See the LaTeX manual or LaTeX Companion for explanation.
Type  H <return>  for immediate help.
 ...                                              
                                                  
l.30 \[
       
You're in trouble here.  Try typing  <return>  to proceed.
If that doesn't work, type  X <return>  to quit.


Overfull \hbox (20.0pt too wide) in paragraph at lines 30--30
[][] 
 []


Overfull \hbox (68.7562pt too wide) detected at line 32
\OML/cmm/m/it/10 L \OMS/cmsy/m/n/10 ^^B \OML/cmm/m/it/10 i[] \/cmr/m/n/10 + \OM
L/cmm/m/it/10 R \OMS/cmsy/m/n/10 ^^B \OML/cmm/m/it/10 i \/cmr/m/n/10 = \OML/cmm
/m/it/10 U
 []


! LaTeX Error: Missing \begin{document}.

See the LaTeX manual or LaTeX Companion for explanation.
Type  H <return>  for immediate help.
 ...                                              
                                                  
l.34 \textbf{Charakteristická rovnice:}
                                        
You're in trouble here.  Try typing  <return>  to proceed.
If that doesn't work, type  X <return>  to quit.


Overfull \hbox (103.00784pt too wide) in paragraph at lines 34--35
[]\OT1/cmr/bx/n/10 Charakteristick^^Sa
 []


Overfull \hbox (39.39565pt too wide) in paragraph at lines 34--35
\OT1/cmr/bx/n/10 rovnice: 
 []


! LaTeX Error: Missing \begin{document}.

See the LaTeX manual or LaTeX Companion for explanation.
Type  H <return>  for immediate help.
 ...                                              
                                                  
l.36 \[
       
You're in trouble here.  Try typing  <return>  to proceed.
If that doesn't work, type  X <return>  to quit.


Overfull \hbox (20.0pt too wide) in paragraph at lines 36--36
[][] 
 []


Overfull \hbox (98.99008pt too wide) detected at line 38
\OML/cmm/m/it/10 L^^U \/cmr/m/n/10 + \OML/cmm/m/it/10 R \/cmr/m/n/10 = 0  \OMS/
cmsy/m/n/10 )  \OML/cmm/m/it/10 ^^U \/cmr/m/n/10 = []
 []


! LaTeX Error: Missing \begin{document}.

See the LaTeX manual or LaTeX Companion for explanation.
Type  H <return>  for immediate help.
 ...                                              
                                                  
l.40 \textbf{Očekávané řešení:}
                                     
You're in trouble here.  Try typing  <return>  to proceed.
If that doesn't work, type  X <return>  to quit.


Overfull \hbox (73.3608pt too wide) in paragraph at lines 40--41
[]\OT1/cmr/bx/n/10 O^^Tcek^^Savan^^Se
 []


Overfull \hbox (32.5915pt too wide) in paragraph at lines 40--41
\OT1/cmr/bx/n/10 ^^Tre^^Tsen^^S^^P: 
 []


! LaTeX Error: Missing \begin{document}.

See the LaTeX manual or LaTeX Companion for explanation.
Type  H <return>  for immediate help.
 ...                                              
                                                  
l.42 \[
       
You're in trouble here.  Try typing  <return>  to proceed.
If that doesn't work, type  X <return>  to quit.


Overfull \hbox (20.0pt too wide) in paragraph at lines 42--42
[][] 
 []


Overfull \hbox (133.66287pt too wide) detected at line 44
\OML/cmm/m/it/10 i\/cmr/m/n/10 (\OML/cmm/m/it/10 t\/cmr/m/n/10 ) = \OML/cmm/m/i
t/10 I[]e[]  \OMS/cmsy/m/n/10 )  \OML/cmm/m/it/10 I[]\/cmr/m/n/10 (\OML/cmm/m/i
t/10 t\/cmr/m/n/10 ) = \OML/cmm/m/it/10 I[]e[]
 []


! LaTeX Error: Missing \begin{document}.

See the LaTeX manual or LaTeX Companion for explanation.
Type  H <return>  for immediate help.
 ...                                              
                                                  
l.46 \textbf{Dosadíme do upravené rovnice:}
                                             
You're in trouble here.  Try typing  <return>  to proceed.
If that doesn't work, type  X <return>  to quit.


Overfull \hbox (69.13304pt too wide) in paragraph at lines 46--47
[]\OT1/cmr/bx/n/10 Dosad^^S^^Pme
 []


Overfull \hbox (12.13882pt too wide) in paragraph at lines 46--47
\OT1/cmr/bx/n/10 do
 []


Overfull \hbox (16.61102pt too wide) in paragraph at lines 46--47
\OT1/cmr/bx/n/10 up-
 []


Overfull \hbox (32.68733pt too wide) in paragraph at lines 46--47
\OT1/cmr/bx/n/10 raven^^Se
 []


Overfull \hbox (39.39565pt too wide) in paragraph at lines 46--47
\OT1/cmr/bx/n/10 rovnice: 
 []


! LaTeX Error: Missing \begin{document}.

See the LaTeX manual or LaTeX Companion for explanation.
Type  H <return>  for immediate help.
 ...                                              
                                                  
l.48 \[
       
You're in trouble here.  Try typing  <return>  to proceed.
If that doesn't work, type  X <return>  to quit.


Overfull \hbox (20.0pt too wide) in paragraph at lines 48--48
[][] 
 []


Overfull \hbox (61.1573pt too wide) detected at line 50
\OML/cmm/m/it/10 I[]\/cmr/m/n/10 (\OML/cmm/m/it/10 t\/cmr/m/n/10 ) = []\OML/cmm
/m/it/10 e[]
 []


! LaTeX Error: Missing \begin{document}.

See the LaTeX manual or LaTeX Companion for explanation.
Type  H <return>  for immediate help.
 ...                                              
                                                  
l.52 ...se jedná o derivaci, musíme integrovat:}
                                                  
You're in trouble here.  Try typing  <return>  to proceed.
If that doesn't work, type  X <return>  to quit.


Overfull \hbox (54.2151pt too wide) in paragraph at lines 52--53
[]\OT1/cmr/bx/n/10 Jeliko^^Tz
 []


Overfull \hbox (9.80688pt too wide) in paragraph at lines 52--53
\OT1/cmr/bx/n/10 se
 []


Overfull \hbox (27.15262pt too wide) in paragraph at lines 52--53
\OT1/cmr/bx/n/10 jedn^^Sa
 []


Overfull \hbox (5.74997pt too wide) in paragraph at lines 52--53
\OT1/cmr/bx/n/10 o
 []


Overfull \hbox (42.11089pt too wide) in paragraph at lines 52--53
\OT1/cmr/bx/n/10 derivaci,
 []


Overfull \hbox (38.23729pt too wide) in paragraph at lines 52--53
\OT1/cmr/bx/n/10 mus^^S^^Pme
 []


Overfull \hbox (13.4166pt too wide) in paragraph at lines 52--53
\OT1/cmr/bx/n/10 in-
 []


Overfull \hbox (13.57632pt too wide) in paragraph at lines 52--53
\OT1/cmr/bx/n/10 te-
 []


Overfull \hbox (34.60397pt too wide) in paragraph at lines 52--53
\OT1/cmr/bx/n/10 grovat: 
 []


! LaTeX Error: Missing \begin{document}.

See the LaTeX manual or LaTeX Companion for explanation.
Type  H <return>  for immediate help.
 ...                                              
                                                  
l.54 \[
       
You're in trouble here.  Try typing  <return>  to proceed.
If that doesn't work, type  X <return>  to quit.


Overfull \hbox (20.0pt too wide) in paragraph at lines 54--54
[][] 
 []


Overfull \hbox (49.86905pt too wide) detected at line 56
[] [] \OML/cmm/m/it/10 e[] dt
 []


! LaTeX Error: Missing \begin{document}.

See the LaTeX manual or LaTeX Companion for explanation.
Type  H <return>  for immediate help.
 ...                                              
                                                  
l.59 \textbf{Substituce:}
                          \( u = \frac{R}{L} t \quad \Rightarrow \quad du = ...

You're in trouble here.  Try typing  <return>  to proceed.
If that doesn't work, type  X <return>  to quit.


Overfull \hbox (75.80664pt too wide) in paragraph at lines 59--60
[]\OT1/cmr/bx/n/10 Substituce:
 []


Overfull \hbox (16.28009pt too wide) in paragraph at lines 59--60
\OML/cmm/m/it/10 u \/cmr/m/n/10 =
 []


Overfull \hbox (24.84892pt too wide) in paragraph at lines 59--60
[]\OML/cmm/m/it/10 t  \OMS/cmsy/m/n/10 )
 []


Overfull \hbox (21.48495pt too wide) in paragraph at lines 59--60
\OML/cmm/m/it/10 du \/cmr/m/n/10 =
 []


Overfull \hbox (18.94269pt too wide) in paragraph at lines 59--60
[] \OML/cmm/m/it/10 dt$ 
 []


! LaTeX Error: Missing \begin{document}.

See the LaTeX manual or LaTeX Companion for explanation.
Type  H <return>  for immediate help.
 ...                                              
                                                  
l.61 \[
       
You're in trouble here.  Try typing  <return>  to proceed.
If that doesn't work, type  X <return>  to quit.


Overfull \hbox (20.0pt too wide) in paragraph at lines 61--61
[][] 
 []

! Undefined control sequence.
l.62 \frac{du}{dt} = \frac{R}{L}, \quad \text
                                             {takže} \quad dt = \frac{L}{R} du
The control sequence at the end of the top line
of your error message was never \def'ed. If you have
misspelled it (e.g., `\hobx'), type `I' and the correct
spelling (e.g., `I\hbox'). Otherwise just continue,
and I'll forget about whatever was undefined.


LaTeX Warning: Command \v invalid in math mode on input line 62.


LaTeX Warning: Command \v invalid in math mode on input line 62.

! Please use \mathaccent for accents in math mode.
\add@accent ... \let \ignorespaces \relax \accent 
                                                  #1 #2\egroup \ifmmode \els...
l.62 ...c{du}{dt} = \frac{R}{L}, \quad \text{takž
                                                  e} \quad dt = \frac{L}{R} du
I'm changing \accent to \mathaccent here; wish me luck.
(Accents are not the same in formulas as they are in text.)

! Missing { inserted.
<to be read again> 
                   \edef 
l.62 ...c{du}{dt} = \frac{R}{L}, \quad \text{takž
                                                  e} \quad dt = \frac{L}{R} du
A left brace was mandatory here, so I've put one in.
You might want to delete and/or insert some corrections
so that I will find a matching right brace soon.
(If you're confused by all this, try typing `I}' now.)


! LaTeX Error: Bad math environment delimiter.

See the LaTeX manual or LaTeX Companion for explanation.
Type  H <return>  for immediate help.
 ...                                              
                                                  
l.63 \]
       
Your command was ignored.
Type  I <command> <return>  to replace it with another command,
or  <return>  to continue without it.

! Missing $ inserted.
<inserted text> 
                $
l.64 
     
I've inserted a begin-math/end-math symbol since I think
you left one out. Proceed, with fingers crossed.

! Missing } inserted.
<inserted text> 
                }
l.64 
     
I've inserted something that you may have forgotten.
(See the <inserted text> above.)
With luck, this will get me unwedged. But if you
really didn't forget anything, try typing `2' now; then
my insertion and my current dilemma will both disappear.

! Display math should end with $$.
<to be read again> 
                   \tex_par:D 
l.64 
     
The `$' that I just saw supposedly matches a previous `$$'.
So I shall assume that you typed `$$' both times.


Overfull \hbox (108.49042pt too wide) detected at line 64
[] \/cmr/m/n/10 = []\OML/cmm/m/it/10 ;  []
 []


! LaTeX Error: Missing \begin{document}.

See the LaTeX manual or LaTeX Companion for explanation.
Type  H <return>  for immediate help.
 ...                                              
                                                  
l.65 \[
       
You're in trouble here.  Try typing  <return>  to proceed.
If that doesn't work, type  X <return>  to quit.


Overfull \hbox (20.0pt too wide) in paragraph at lines 65--65
[][] 
 []


Overfull \hbox (63.97963pt too wide) detected at line 67
[] [] \OML/cmm/m/it/10 e[] \OMS/cmsy/m/n/10 ^^B [] \OML/cmm/m/it/10 du
 []


! LaTeX Error: Missing \begin{document}.

See the LaTeX manual or LaTeX Companion for explanation.
Type  H <return>  for immediate help.
 ...                                              
                                                  
l.69 \textbf{Zjednodušení:}
                             
You're in trouble here.  Try typing  <return>  to proceed.
If that doesn't work, type  X <return>  to quit.


Overfull \hbox (90.02185pt too wide) in paragraph at lines 69--70
[]\OT1/cmr/bx/n/10 Zjednodu^^Tsen^^S^^P: 
 []


! LaTeX Error: Missing \begin{document}.

See the LaTeX manual or LaTeX Companion for explanation.
Type  H <return>  for immediate help.
 ...                                              
                                                  
l.71 \[
       
You're in trouble here.  Try typing  <return>  to proceed.
If that doesn't work, type  X <return>  to quit.


Overfull \hbox (20.0pt too wide) in paragraph at lines 71--71
[][] 
 []


Overfull \hbox (63.97963pt too wide) detected at line 73
[] \OMS/cmsy/m/n/10 ^^B [] [] \OML/cmm/m/it/10 e[] du
 []


! LaTeX Error: Missing \begin{document}.

See the LaTeX manual or LaTeX Companion for explanation.
Type  H <return>  for immediate help.
 ...                                              
                                                  
l.75 \[
       
You're in trouble here.  Try typing  <return>  to proceed.
If that doesn't work, type  X <return>  to quit.


Overfull \hbox (20.0pt too wide) in paragraph at lines 75--75
[][] 
 []


Overfull \hbox (35.84264pt too wide) detected at line 77
[]\OML/cmm/m/it/10 e[] \/cmr/m/n/10 + \OML/cmm/m/it/10 C
 []


! LaTeX Error: Missing \begin{document}.

See the LaTeX manual or LaTeX Companion for explanation.
Type  H <return>  for immediate help.
 ...                                              
                                                  
l.80 \textbf{Dosadíme zpět:}
                              
You're in trouble here.  Try typing  <return>  to proceed.
If that doesn't work, type  X <return>  to quit.


Overfull \hbox (69.13304pt too wide) in paragraph at lines 80--81
[]\OT1/cmr/bx/n/10 Dosad^^S^^Pme
 []


Overfull \hbox (24.43738pt too wide) in paragraph at lines 80--81
\OT1/cmr/bx/n/10 zp^^Tet: 
 []


! LaTeX Error: Missing \begin{document}.

See the LaTeX manual or LaTeX Companion for explanation.
Type  H <return>  for immediate help.
 ...                                              
                                                  
l.82 \[
       
You're in trouble here.  Try typing  <return>  to proceed.
If that doesn't work, type  X <return>  to quit.


Overfull \hbox (20.0pt too wide) in paragraph at lines 82--82
[][] 
 []


Overfull \hbox (78.92192pt too wide) detected at line 84
\OML/cmm/m/it/10 I[] \/cmr/m/n/10 = [] + \OML/cmm/m/it/10 i\/cmr/m/n/10 (0) \OM
S/cmsy/m/n/10 ^^A \OML/cmm/m/it/10 e[]
 []


Overfull \hbox (104.36205pt too wide) detected at line 87
\OML/cmm/m/it/10 i\/cmr/m/n/10 (0) =[]\OMS/cmsy/m/n/10 ! \/cmr/m/n/10 8 \OMS/cm
sy/m/n/10 ^^@ [] \/cmr/m/n/10 = \OML/cmm/m/it/10 i\/cmr/m/n/10 (0)
 []


! LaTeX Error: Missing \begin{document}.

See the LaTeX manual or LaTeX Companion for explanation.
Type  H <return>  for immediate help.
 ...                                              
                                                  
l.89 \[
       
You're in trouble here.  Try typing  <return>  to proceed.
If that doesn't work, type  X <return>  to quit.


Overfull \hbox (20.0pt too wide) in paragraph at lines 89--89
[][] 
 []


Overfull \hbox (96.19763pt too wide) detected at line 91
\OML/cmm/m/it/10 I[] \/cmr/m/n/10 = [] + (8 \OMS/cmsy/m/n/10 ^^@ []\/cmr/m/n/10
 ) \OMS/cmsy/m/n/10 ^^B \OML/cmm/m/it/10 e[]
 []


Overfull \hbox (86.5119pt too wide) detected at line 94
\OML/cmm/m/it/10 I[] \/cmr/m/n/10 = [] + ([]) \OMS/cmsy/m/n/10 ^^A \OML/cmm/m/i
t/10 e[]
 []


Overfull \hbox (47.77057pt too wide) in paragraph at lines 94--96
\OT1/cmr/bx/n/10 Kontrola:
 []


Overfull \hbox (46.7025pt too wide) in paragraph at lines 94--96
\OT1/cmr/bx/n/10 dosadime
 []


Overfull \hbox (10.70131pt too wide) in paragraph at lines 94--96
\OT1/cmr/bx/n/10 za
 []


Overfull \hbox (4.4722pt too wide) in paragraph at lines 94--96
\OT1/cmr/bx/n/10 t
 []


Overfull \hbox (8.9444pt too wide) in paragraph at lines 94--96
\OT1/cmr/bx/n/10 =
 []


Overfull \hbox (5.74997pt too wide) in paragraph at lines 94--96
\OT1/cmr/bx/n/10 0 
 []


Overfull \hbox (81.22719pt too wide) detected at line 98
\OML/cmm/m/it/10 I[] \/cmr/m/n/10 = [] + ([]) \OMS/cmsy/m/n/10 ^^A \OML/cmm/m/i
t/10 e[]
 []


Overfull \hbox (27.47563pt too wide) detected at line 101
\OML/cmm/m/it/10 e[] \/cmr/m/n/10 = 1
 []


Overfull \hbox (61.5292pt too wide) detected at line 104
\OML/cmm/m/it/10 I[] \/cmr/m/n/10 = [] + []
 []


Overfull \hbox (38.95139pt too wide) detected at line 107
\OML/cmm/m/it/10 I[] \/cmr/m/n/10 = 8
 []

)
! Emergency stop.
<*> ...y/vut/IEL/projekt/sablona_reseni/05-pr5.tex
                                                  
*** (job aborted, no legal \end found)

 
Here is how much of TeX's memory you used:
 40 strings out of 475153
 783 string characters out of 5770014
 1933187 words of memory out of 5000000
 22333 multiletter control sequences out of 15000+600000
 558377 words of font info for 37 fonts, out of 8000000 for 9000
 475 hyphenation exceptions out of 8191
 23i,4n,32p,205b,95s stack positions out of 10000i,1000n,20000p,200000b,200000s
!  ==> Fatal error occurred, no output PDF file produced!
